\BOOKMARK [1][-]{section.1}{\376\377\000I\000n\000t\000r\000o\000d\000u\000z\000i\000o\000n\000e\000\040\000a\000l\000l\000'\000i\000d\000e\000n\000t\000i\000f\000i\000c\000a\000z\000i\000o\000n\000e\000\040\000e\000\040\000a\000l\000l\000a\000\040\000p\000r\000e\000d\000i\000z\000i\000o\000n\000e}{}% 1
\BOOKMARK [2][-]{subsection.1.1}{\376\377\000I\000d\000e\000n\000t\000i\000f\000i\000c\000a\000z\000i\000o\000n\000e}{section.1}% 2
\BOOKMARK [2][-]{subsection.1.2}{\376\377\000E\000r\000r\000o\000r\000e\000\040\000d\000i\000\040\000p\000r\000e\000d\000i\000z\000i\000o\000n\000e}{section.1}% 3
\BOOKMARK [1][-]{section.2}{\376\377\000P\000r\000o\000c\000e\000s\000s\000i\000\040\000s\000t\000o\000c\000a\000s\000t\000i\000c\000i}{}% 4
\BOOKMARK [2][-]{subsection.2.1}{\376\377\000C\000a\000r\000a\000t\000t\000e\000r\000i\000z\000z\000a\000z\000i\000o\000n\000e\000\040\000a\000t\000t\000r\000a\000v\000e\000r\000s\000o\000\040\000m\000o\000m\000e\000n\000t\000i}{section.2}% 5
\BOOKMARK [2][-]{subsection.2.2}{\376\377\000P\000r\000o\000c\000e\000s\000s\000i\000\040\000s\000t\000a\000z\000i\000o\000n\000a\000r\000i\000\040\000\050\000i\000n\000\040\000s\000e\000n\000s\000o\000\040\000l\000a\000t\000o\000,\000\040\000P\000S\000S\000\051}{section.2}% 6
\BOOKMARK [2][-]{subsection.2.3}{\376\377\000R\000u\000m\000o\000r\000e\000\040\000b\000i\000a\000n\000c\000o\000\040\000\050\000W\000N\000\051}{section.2}% 7
\BOOKMARK [1][-]{section.3}{\376\377\000P\000r\000o\000c\000e\000s\000s\000i\000\040\000M\000A\000,\000\040\000A\000R\000\040\000e\000\040\000A\000R\000M\000A}{}% 8
\BOOKMARK [2][-]{subsection.3.1}{\376\377\000P\000r\000o\000c\000e\000s\000s\000o\000\040\000M\000A\000\040\000\050\000M\000o\000v\000i\000n\000g\000\040\000A\000v\000e\000r\000a\000g\000e\000\040\000\050\000M\000e\000d\000i\000a\000\040\000M\000o\000b\000i\000l\000e\000\051}{section.3}% 9
\BOOKMARK [2][-]{subsection.3.2}{\376\377\000P\000r\000o\000c\000e\000s\000s\000o\000\040\000A\000R\000\040\000\050\000A\000u\000t\000o\000\040\000R\000e\000g\000r\000e\000s\000s\000i\000v\000o\000\051\000,\000\040\000A\000R\000\050\000n\000\051\000\040\000\050\000d\000i\000\040\000o\000r\000d\000i\000n\000e\000\040\000n\000\051}{section.3}% 10
\BOOKMARK [2][-]{subsection.3.3}{\376\377\000P\000r\000o\000c\000e\000s\000s\000o\000\040\000A\000R\000M\000A\000\050\000n\000a\000,\000n\000c\000\051}{section.3}% 11
\BOOKMARK [1][-]{section.4}{\376\377\000C\000a\000r\000a\000t\000t\000e\000r\000i\000z\000z\000a\000z\000i\000o\000n\000e\000\040\000i\000n\000\040\000f\000r\000e\000q\000u\000e\000n\000z\000a}{}% 12
\BOOKMARK [2][-]{subsection.4.1}{\376\377\000D\000e\000n\000s\000i\000t\000\340\000\040\000s\000p\000e\000t\000t\000r\000a\000l\000e\000\040\000\050\000d\000i\000\040\000p\000o\000t\000e\000n\000z\000a\000\051}{section.4}% 13
\BOOKMARK [2][-]{subsection.4.2}{\376\377\000S\000p\000e\000t\000t\000r\000o\000\040\000\050\000c\000o\000m\000p\000l\000e\000s\000s\000o\000\051}{section.4}% 14
\BOOKMARK [2][-]{subsection.4.3}{\376\377\000T\000e\000o\000r\000e\000m\000a\000\040\000f\000o\000n\000d\000a\000m\000e\000n\000t\000a\000l\000e\000\040\000d\000e\000l\000l\000'\000a\000n\000a\000l\000i\000s\000i\000\040\000s\000p\000e\000t\000t\000r\000a\000l\000e}{section.4}% 15
\BOOKMARK [2][-]{subsection.4.4}{\376\377\000D\000i\000m\000o\000s\000t\000r\000a\000z\000i\000o\000n\000e\000\040\000d\000e\000l\000\040\000t\000e\000o\000r\000e\000m\000a\000\040\000f\000o\000n\000d\000a\000m\000e\000n\000t\000a\000l\000e\000\040\000d\000e\000l\000l\000'\000a\000n\000a\000l\000i\000s\000i\000\040\000s\000p\000e\000t\000t\000r\000a\000l\000e}{section.4}% 16
\BOOKMARK [1][-]{section.5}{\376\377\000C\000a\000r\000a\000t\000t\000e\000r\000i\000s\000t\000i\000c\000h\000e\000\040\000s\000t\000a\000t\000i\000s\000t\000i\000c\000h\000e\000\040\000e\000\040\000s\000p\000e\000t\000t\000r\000a\000l\000i\000\040\000d\000a\000\040\000d\000a\000t\000i\000\040\000\050\000r\000e\000a\000l\000i\000z\000z\000a\000z\000i\000o\000n\000e\000\051}{}% 17
\BOOKMARK [2][-]{subsection.5.1}{\376\377\000S\000t\000i\000m\000a\000\040\000d\000e\000l\000l\000a\000\040\000m\000e\000d\000i\000a}{section.5}% 18
\BOOKMARK [2][-]{subsection.5.2}{\376\377\000C\000o\000r\000r\000e\000l\000o\000g\000r\000a\000m\000m\000a}{section.5}% 19
\BOOKMARK [2][-]{subsection.5.3}{\376\377\000P\000e\000r\000i\000o\000d\000o\000g\000r\000a\000m\000m\000a}{section.5}% 20
\BOOKMARK [2][-]{subsection.5.4}{\376\377\000T\000e\000s\000t\000\040\000d\000i\000\040\000b\000i\000a\000n\000c\000h\000e\000z\000z\000a\000\040\000\050\000A\000n\000d\000e\000r\000s\000o\000n\000\051}{section.5}% 21
\BOOKMARK [1][-]{section.6}{\376\377\000P\000r\000e\000d\000i\000z\000i\000o\000n\000e\000\040\000o\000t\000t\000i\000m\000a}{}% 22
\BOOKMARK [2][-]{subsection.6.1}{\376\377\000F\000a\000k\000e\000\040\000p\000r\000e\000d\000i\000c\000t\000i\000o\000n\000\040\000p\000r\000o\000b\000l\000e\000m\000:\000\040\000p\000r\000e\000d\000i\000t\000t\000o\000r\000e\000\040\000d\000a\000\040\000r\000u\000m\000o\000r\000e}{section.6}% 23
\BOOKMARK [2][-]{subsection.6.2}{\376\377\000P\000r\000e\000d\000i\000t\000t\000o\000r\000e\000\040\000o\000t\000t\000i\000m\000o\000\040\000d\000a\000i\000\040\000d\000a\000t\000i}{section.6}% 24
\BOOKMARK [1][-]{section.7}{\376\377\000T\000e\000o\000r\000e\000m\000a\000\040\000d\000i\000\040\000f\000a\000t\000t\000o\000r\000i\000z\000z\000a\000z\000i\000o\000n\000e\000\040\000s\000p\000e\000t\000t\000r\000a\000l\000e}{}% 25
\BOOKMARK [1][-]{section.8}{\376\377\000P\000r\000e\000d\000i\000z\000i\000o\000n\000e\000\040\000d\000a\000i\000\040\000d\000a\000t\000i\000:}{}% 26
\BOOKMARK [2][-]{subsection.8.1}{\376\377\000A\000R\000M\000A\000X}{section.8}% 27
\BOOKMARK [1][-]{section.9}{\376\377\000I\000d\000e\000n\000t\000i\000f\000i\000c\000a\000z\000i\000o\000n\000e\000:\000\040\000f\000a\000m\000i\000g\000l\000i\000a\000\040\000d\000i\000\040\000m\000o\000d\000e\000l\000l\000i}{}% 28
\BOOKMARK [2][-]{subsection.9.1}{\376\377\000A\000p\000p\000r\000o\000c\000c\000i\000o\000\040\000p\000r\000e\000d\000i\000t\000t\000i\000v\000o\000\040}{section.9}% 29
\BOOKMARK [2][-]{subsection.9.2}{\376\377\000P\000r\000e\000d\000i\000t\000t\000o\000r\000e\000\040\000i\000n\000\040\000f\000o\000r\000m\000a\000\040\000u\000n\000i\000f\000i\000c\000a\000t\000a\000\040\000\050\000B\000J\000\051}{section.9}% 30
\BOOKMARK [2][-]{subsection.9.3}{\376\377\000P\000e\000c\000u\000l\000i\000a\000r\000i\000t\000\340\000\040\000d\000e\000l\000\040\000p\000r\000e\000d\000i\000t\000t\000o\000r\000e\000\040\000\050\000L\000i\000n\000e\000a\000r\000i\000t\000\340\000\040\000n\000e\000i\000\040\000p\000a\000r\000a\000m\000e\000t\000r\000i\000\051}{section.9}% 31
\BOOKMARK [1][-]{section.10}{\376\377\000S\000t\000i\000m\000a\000\040\000a\000i\000\040\000m\000i\000n\000i\000m\000i\000\040\000q\000u\000a\000d\000r\000a\000t\000i\000\040\000\050\000A\000R\000X\000/\000A\000R\000\051}{}% 32
\BOOKMARK [1][-]{section.11}{\376\377\000I\000d\000e\000n\000t\000i\000f\000i\000c\000a\000b\000i\000l\000i\000t\000\340}{}% 33
\BOOKMARK [2][-]{subsection.11.1}{\376\377\000I\000n\000g\000r\000e\000s\000s\000i\000\040\000p\000e\000r\000s\000i\000s\000t\000e\000n\000t\000e\000m\000e\000n\000t\000e\000\040\000e\000c\000c\000i\000t\000a\000n\000t\000i\000\040\000d\000i\000\040\000o\000r\000d\000i\000n\000e\000\040\000n}{section.11}% 34
\BOOKMARK [1][-]{section.12}{\376\377\000S\000t\000i\000m\000a\000\040\000A\000R\000M\000A\000/\000A\000R\000M\000A\000X\000:\000\040\000G\000a\000u\000s\000s\040\023\000N\000e\000w\000t\000o\000n\000\040\000i\000t\000e\000r\000a\000t\000i\000v\000o}{}% 35
\BOOKMARK [1][-]{section.13}{\376\377\000A\000n\000a\000l\000i\000s\000i\000\040\000a\000s\000i\000n\000t\000o\000t\000i\000c\000a\000\040\000e\000\040\000s\000c\000e\000n\000a\000r\000i\000\040\000d\000i\000\040\000i\000d\000e\000n\000t\000i\000f\000i\000c\000a\000z\000i\000o\000n\000e}{}% 36
\BOOKMARK [1][-]{section.14}{\376\377\000I\000n\000c\000e\000r\000t\000e\000z\000z\000a\000\040\000d\000i\000\040\000s\000t\000i\000m\000a}{}% 37
\BOOKMARK [1][-]{section.15}{\376\377\000S\000e\000l\000e\000z\000i\000o\000n\000e\000\040\000d\000e\000l\000l\000a\000\040\000c\000o\000m\000p\000l\000e\000s\000s\000i\000t\000\340\000\040\000d\000e\000l\000\040\000m\000o\000d\000e\000l\000l\000o}{}% 38
\BOOKMARK [2][-]{subsection.15.1}{\376\377\000P\000r\000o\000c\000e\000s\000s\000o\000\040\000d\000i\000\040\000C\000r\000o\000s\000s\000-\000v\000a\000l\000i\000d\000a\000z\000i\000o\000n\000e}{section.15}% 39
\BOOKMARK [2][-]{subsection.15.2}{\376\377\000F\000i\000n\000a\000l\000\040\000P\000r\000e\000d\000i\000c\000t\000i\000o\000n\000\040\000E\000r\000r\000o\000r\000\040\000\050\000F\000P\000E\000\051}{section.15}% 40
\BOOKMARK [2][-]{subsection.15.3}{\376\377\000C\000r\000i\000t\000e\000r\000i\000o\000\040\000A\000I\000C\000\040\000\050\000A\000k\000a\000i\000k\000e\000\040\000I\000n\000f\000o\000r\000m\000a\000t\000i\000o\000n\000\040\000C\000r\000i\000t\000e\000r\000i\000o\000n\000\051}{section.15}% 41
\BOOKMARK [2][-]{subsection.15.4}{\376\377\000C\000r\000i\000t\000e\000r\000i\000o\000\040\000M\000D\000L\000\040\000\050\000M\000i\000n\000i\000m\000u\000m\000\040\000D\000e\000s\000c\000r\000i\000p\000t\000i\000o\000n\000\040\000L\000e\000n\000g\000t\000h\000\051}{section.15}% 42
\BOOKMARK [1][-]{section.16}{\376\377\000S\000c\000e\000l\000t\000a\000\040\000d\000e\000l\000l\000a\000\040\000f\000a\000m\000i\000g\000l\000i\000a\000\040\000v\000i\000a\000\040\000d\000a\000t\000i}{}% 43
\BOOKMARK [1][-]{section.17}{\376\377\000S\000t\000i\000m\000a\000:}{}% 44
\BOOKMARK [2][-]{subsection.17.1}{\376\377\000S\000t\000i\000m\000a\000\040\000s\000t\000a\000t\000i\000c\000a\000:}{section.17}% 45
\BOOKMARK [2][-]{subsection.17.2}{\376\377\000A\000p\000p\000r\000o\000c\000c\000i\000o\000\040\000B\000a\000y\000e\000s\000i\000a\000n\000o\000:}{section.17}% 46
\BOOKMARK [2][-]{subsection.17.3}{\376\377\000A\000p\000p\000r\000o\000c\000c\000i\000o\000\040\000N\000o\000n\000\040\000B\000a\000y\000e\000s\000i\000a\000n\000o\000:}{section.17}% 47
\BOOKMARK [2][-]{subsection.17.4}{\376\377\000A\000p\000p\000r\000o\000c\000c\000i\000o\000\040\000N\000o\000n\000\040\000B\000a\000y\000e\000s\000i\000a\000n\000o\000\040\000c\000o\000n\000\040\000i\000\040\000m\000i\000n\000i\000m\000i\000\040\000q\000u\000a\000d\000r\000a\000t\000i}{section.17}% 48
